<?xml version="1.0" encoding="UTF-8"?>
<testng-results ignored="0" total="2" passed="2" failed="0" skipped="0">
  <reporter-output>
  </reporter-output>
  <suite started-at="2023-10-14T20:48:50 IST" name="Default suite" finished-at="2023-10-14T20:49:13 IST" duration-ms="22776">
    <groups>
    </groups>
    <test started-at="2023-10-14T20:48:50 IST" name="Default test" finished-at="2023-10-14T20:49:13 IST" duration-ms="22776">
      <class name="StarTeleLogic.telemo.PaginationTest">
        <test-method is-config="true" signature="setup()[pri:0, instance:StarTeleLogic.telemo.PaginationTest@f6efaab]" started-at="2023-10-14T20:48:50 IST" name="setup" finished-at="2023-10-14T20:49:01 IST" duration-ms="11459" status="PASS">
          <reporter-output>
          </reporter-output>
        </test-method> <!-- setup -->
        <test-method signature="login()[pri:0, instance:StarTeleLogic.telemo.PaginationTest@f6efaab]" started-at="2023-10-14T20:49:01 IST" name="login" finished-at="2023-10-14T20:49:05 IST" duration-ms="3551" status="PASS">
          <reporter-output>
          </reporter-output>
        </test-method> <!-- login -->
        <test-method signature="automatePagination()[pri:0, instance:StarTeleLogic.telemo.PaginationTest@f6efaab]" started-at="2023-10-14T20:49:05 IST" name="automatePagination" finished-at="2023-10-14T20:49:09 IST" depends-on-methods="StarTeleLogic.telemo.PaginationTest.login" duration-ms="4433" status="PASS">
          <reporter-output>
          </reporter-output>
        </test-method> <!-- automatePagination -->
        <test-method is-config="true" signature="teardown()[pri:0, instance:StarTeleLogic.telemo.PaginationTest@f6efaab]" started-at="2023-10-14T20:49:09 IST" name="teardown" finished-at="2023-10-14T20:49:13 IST" duration-ms="3271" status="PASS">
          <reporter-output>
          </reporter-output>
        </test-method> <!-- teardown -->
      </class> <!-- StarTeleLogic.telemo.PaginationTest -->
    </test> <!-- Default test -->
  </suite> <!-- Default suite -->
</testng-results>
